2016-04-28 15:07:25,075 [main] INFO  c.g.t.t.d.PublishedGradleVersions - Gradle version information cache file is not available. Remote download required.
2016-05-18 09:59:34,017 [Worker-12] INFO  c.g.t.t.d.PublishedGradleVersions - Gradle version information cache file is out-of-date. Remote download required.
2016-05-19 13:12:08,471 [main] INFO  c.g.t.t.d.PublishedGradleVersions - Gradle version information cache file is out-of-date. Remote download required.
2016-05-20 10:07:44,832 [main] INFO  c.g.t.t.d.PublishedGradleVersions - Gradle version information cache file is not out-of-date. No remote download required.
2016-05-20 12:39:09,501 [Worker-13] INFO  c.g.t.t.d.PublishedGradleVersions - Gradle version information cache file is not out-of-date. No remote download required.
2016-05-21 15:48:07,876 [main] INFO  c.g.t.t.d.PublishedGradleVersions - Gradle version information cache file is out-of-date. Remote download required.
2016-05-21 15:48:15,781 [main] ERROR c.g.t.t.d.PublishedGradleVersions - Cannot download published Gradle versions.
java.net.SocketException: Software caused connection abort: recv failed
	at java.net.SocketInputStream.socketRead0(Native Method) ~[na:1.7.0_75]
	at java.net.SocketInputStream.read(SocketInputStream.java:173) ~[na:1.7.0_75]
	at java.net.SocketInputStream.read(SocketInputStream.java:122) ~[na:1.7.0_75]
	at sun.security.ssl.InputRecord.readFully(InputRecord.java:442) ~[na:1.7.0_75]
	at sun.security.ssl.InputRecord.read(InputRecord.java:480) ~[na:1.7.0_75]
	at sun.security.ssl.SSLSocketImpl.readRecord(SSLSocketImpl.java:934) ~[na:1.7.0_75]
	at sun.security.ssl.SSLSocketImpl.performInitialHandshake(SSLSocketImpl.java:1332) ~[na:1.7.0_75]
	at sun.security.ssl.SSLSocketImpl.startHandshake(SSLSocketImpl.java:1359) ~[na:1.7.0_75]
	at sun.security.ssl.SSLSocketImpl.startHandshake(SSLSocketImpl.java:1343) ~[na:1.7.0_75]
	at sun.net.www.protocol.https.HttpsClient.afterConnect(HttpsClient.java:563) ~[na:1.7.0_75]
	at sun.net.www.protocol.https.AbstractDelegateHttpsURLConnection.connect(AbstractDelegateHttpsURLConnection.java:185) ~[na:1.7.0_75]
	at sun.net.www.protocol.http.HttpURLConnection.getInputStream(HttpURLConnection.java:1301) ~[na:1.7.0_75]
	at sun.net.www.protocol.https.HttpsURLConnectionImpl.getInputStream(HttpsURLConnectionImpl.java:254) ~[na:1.7.0_75]
	at com.gradleware.tooling.toolingutils.distribution.PublishedGradleVersions.downloadVersionInformation(PublishedGradleVersions.java:167) [com.gradleware.tooling.utils_0.8.1.v201512100932.jar:na]
	at com.gradleware.tooling.toolingutils.distribution.PublishedGradleVersions.create(PublishedGradleVersions.java:134) [com.gradleware.tooling.utils_0.8.1.v201512100932.jar:na]
	at org.eclipse.buildship.core.util.gradle.PublishedGradleVersionsWrapper.create(PublishedGradleVersionsWrapper.java:40) [org.eclipse.buildship.core_1.0.8.v20160201-1803.jar:na]
	at org.eclipse.buildship.core.util.gradle.PublishedGradleVersionsWrapper.<init>(PublishedGradleVersionsWrapper.java:35) [org.eclipse.buildship.core_1.0.8.v20160201-1803.jar:na]
	at org.eclipse.buildship.core.CorePlugin.createPublishedGradleVersions(CorePlugin.java:167) [org.eclipse.buildship.core_1.0.8.v20160201-1803.jar:na]
	at org.eclipse.buildship.core.CorePlugin.registerServices(CorePlugin.java:140) [org.eclipse.buildship.core_1.0.8.v20160201-1803.jar:na]
	at org.eclipse.buildship.core.CorePlugin.start(CorePlugin.java:103) [org.eclipse.buildship.core_1.0.8.v20160201-1803.jar:na]
	at org.eclipse.osgi.internal.framework.BundleContextImpl$3.run(BundleContextImpl.java:771) [org.eclipse.osgi_3.10.102.v20160118-1700.jar:na]
	at org.eclipse.osgi.internal.framework.BundleContextImpl$3.run(BundleContextImpl.java:1) [org.eclipse.osgi_3.10.102.v20160118-1700.jar:na]
	at java.security.AccessController.doPrivileged(Native Method) [na:1.7.0_75]
	at org.eclipse.osgi.internal.framework.BundleContextImpl.startActivator(BundleContextImpl.java:764) [org.eclipse.osgi_3.10.102.v20160118-1700.jar:na]
	at org.eclipse.osgi.internal.framework.BundleContextImpl.start(BundleContextImpl.java:721) [org.eclipse.osgi_3.10.102.v20160118-1700.jar:na]
	at org.eclipse.osgi.internal.framework.EquinoxBundle.startWorker0(EquinoxBundle.java:941) [org.eclipse.osgi_3.10.102.v20160118-1700.jar:na]
	at org.eclipse.osgi.internal.framework.EquinoxBundle$EquinoxModule.startWorker(EquinoxBundle.java:318) [org.eclipse.osgi_3.10.102.v20160118-1700.jar:na]
	at org.eclipse.osgi.container.Module.doStart(Module.java:571) [org.eclipse.osgi_3.10.102.v20160118-1700.jar:na]
	at org.eclipse.osgi.container.Module.start(Module.java:439) [org.eclipse.osgi_3.10.102.v20160118-1700.jar:na]
	at org.eclipse.osgi.framework.util.SecureAction.start(SecureAction.java:454) [org.eclipse.osgi_3.10.102.v20160118-1700.jar:na]
	at org.eclipse.osgi.internal.hooks.EclipseLazyStarter.postFindLocalClass(EclipseLazyStarter.java:107) [org.eclipse.osgi_3.10.102.v20160118-1700.jar:na]
	at org.eclipse.osgi.internal.loader.classpath.ClasspathManager.findLocalClass(ClasspathManager.java:531) [org.eclipse.osgi_3.10.102.v20160118-1700.jar:na]
	at org.eclipse.osgi.internal.loader.ModuleClassLoader.findLocalClass(ModuleClassLoader.java:324) [org.eclipse.osgi_3.10.102.v20160118-1700.jar:na]
	at org.eclipse.osgi.internal.loader.BundleLoader.findLocalClass(BundleLoader.java:327) [org.eclipse.osgi_3.10.102.v20160118-1700.jar:na]
	at org.eclipse.osgi.internal.loader.sources.SingleSourcePackage.loadClass(SingleSourcePackage.java:36) [org.eclipse.osgi_3.10.102.v20160118-1700.jar:na]
	at org.eclipse.osgi.internal.loader.BundleLoader.findClassInternal(BundleLoader.java:398) [org.eclipse.osgi_3.10.102.v20160118-1700.jar:na]
	at org.eclipse.osgi.internal.loader.BundleLoader.findClass(BundleLoader.java:352) [org.eclipse.osgi_3.10.102.v20160118-1700.jar:na]
	at org.eclipse.osgi.internal.loader.BundleLoader.findClass(BundleLoader.java:344) [org.eclipse.osgi_3.10.102.v20160118-1700.jar:na]
	at org.eclipse.osgi.internal.loader.ModuleClassLoader.loadClass(ModuleClassLoader.java:160) [org.eclipse.osgi_3.10.102.v20160118-1700.jar:na]
	at java.lang.ClassLoader.loadClass(ClassLoader.java:358) [na:1.7.0_75]
	at java.lang.Class.getDeclaredConstructors0(Native Method) [na:1.7.0_75]
	at java.lang.Class.privateGetDeclaredConstructors(Class.java:2585) [na:1.7.0_75]
	at java.lang.Class.getConstructor0(Class.java:2885) [na:1.7.0_75]
	at java.lang.Class.newInstance(Class.java:350) [na:1.7.0_75]
	at org.eclipse.osgi.internal.framework.BundleContextImpl.loadBundleActivator(BundleContextImpl.java:755) [org.eclipse.osgi_3.10.102.v20160118-1700.jar:na]
	at org.eclipse.osgi.internal.framework.BundleContextImpl.start(BundleContextImpl.java:706) [org.eclipse.osgi_3.10.102.v20160118-1700.jar:na]
	at org.eclipse.osgi.internal.framework.EquinoxBundle.startWorker0(EquinoxBundle.java:941) [org.eclipse.osgi_3.10.102.v20160118-1700.jar:na]
	at org.eclipse.osgi.internal.framework.EquinoxBundle$EquinoxModule.startWorker(EquinoxBundle.java:318) [org.eclipse.osgi_3.10.102.v20160118-1700.jar:na]
	at org.eclipse.osgi.container.Module.doStart(Module.java:571) [org.eclipse.osgi_3.10.102.v20160118-1700.jar:na]
	at org.eclipse.osgi.container.Module.start(Module.java:439) [org.eclipse.osgi_3.10.102.v20160118-1700.jar:na]
	at org.eclipse.osgi.framework.util.SecureAction.start(SecureAction.java:454) [org.eclipse.osgi_3.10.102.v20160118-1700.jar:na]
	at org.eclipse.osgi.internal.hooks.EclipseLazyStarter.postFindLocalClass(EclipseLazyStarter.java:107) [org.eclipse.osgi_3.10.102.v20160118-1700.jar:na]
	at org.eclipse.osgi.internal.loader.classpath.ClasspathManager.findLocalClass(ClasspathManager.java:531) [org.eclipse.osgi_3.10.102.v20160118-1700.jar:na]
	at org.eclipse.osgi.internal.loader.ModuleClassLoader.findLocalClass(ModuleClassLoader.java:324) [org.eclipse.osgi_3.10.102.v20160118-1700.jar:na]
	at org.eclipse.osgi.internal.loader.BundleLoader.findLocalClass(BundleLoader.java:327) [org.eclipse.osgi_3.10.102.v20160118-1700.jar:na]
	at org.eclipse.osgi.internal.loader.BundleLoader.findClassInternal(BundleLoader.java:402) [org.eclipse.osgi_3.10.102.v20160118-1700.jar:na]
	at org.eclipse.osgi.internal.loader.BundleLoader.findClass(BundleLoader.java:352) [org.eclipse.osgi_3.10.102.v20160118-1700.jar:na]
	at org.eclipse.osgi.internal.loader.BundleLoader.findClass(BundleLoader.java:344) [org.eclipse.osgi_3.10.102.v20160118-1700.jar:na]
	at org.eclipse.osgi.internal.loader.ModuleClassLoader.loadClass(ModuleClassLoader.java:160) [org.eclipse.osgi_3.10.102.v20160118-1700.jar:na]
	at java.lang.ClassLoader.loadClass(ClassLoader.java:358) [na:1.7.0_75]
	at org.eclipse.osgi.internal.framework.EquinoxBundle.loadClass(EquinoxBundle.java:573) [org.eclipse.osgi_3.10.102.v20160118-1700.jar:na]
	at org.eclipse.core.internal.registry.osgi.RegistryStrategyOSGI.createExecutableExtension(RegistryStrategyOSGI.java:174) [org.eclipse.equinox.registry_3.6.0.v20150318-1503.jar:na]
	at org.eclipse.core.internal.registry.ExtensionRegistry.createExecutableExtension(ExtensionRegistry.java:905) [org.eclipse.equinox.registry_3.6.0.v20150318-1503.jar:na]
	at org.eclipse.core.internal.registry.ConfigurationElement.createExecutableExtension(ConfigurationElement.java:243) [org.eclipse.equinox.registry_3.6.0.v20150318-1503.jar:na]
	at org.eclipse.core.internal.registry.ConfigurationElementHandle.createExecutableExtension(ConfigurationElementHandle.java:55) [org.eclipse.equinox.registry_3.6.0.v20150318-1503.jar:na]
	at org.eclipse.core.internal.expressions.PropertyTesterDescriptor.instantiate(PropertyTesterDescriptor.java:96) [org.eclipse.core.expressions_3.5.0.v20150421-2214.jar:na]
	at org.eclipse.core.internal.expressions.TypeExtension.findTypeExtender(TypeExtension.java:97) [org.eclipse.core.expressions_3.5.0.v20150421-2214.jar:na]
	at org.eclipse.core.internal.expressions.TypeExtension.findTypeExtender(TypeExtension.java:130) [org.eclipse.core.expressions_3.5.0.v20150421-2214.jar:na]
	at org.eclipse.core.internal.expressions.TypeExtension.findTypeExtender(TypeExtension.java:130) [org.eclipse.core.expressions_3.5.0.v20150421-2214.jar:na]
	at org.eclipse.core.internal.expressions.TypeExtension.findTypeExtender(TypeExtension.java:130) [org.eclipse.core.expressions_3.5.0.v20150421-2214.jar:na]
	at org.eclipse.core.internal.expressions.TypeExtensionManager.getProperty(TypeExtensionManager.java:119) [org.eclipse.core.expressions_3.5.0.v20150421-2214.jar:na]
	at org.eclipse.core.internal.expressions.TestExpression.evaluate(TestExpression.java:97) [org.eclipse.core.expressions_3.5.0.v20150421-2214.jar:na]
	at org.eclipse.core.internal.expressions.CompositeExpression.evaluateAnd(CompositeExpression.java:53) [org.eclipse.core.expressions_3.5.0.v20150421-2214.jar:na]
	at org.eclipse.core.internal.expressions.WithExpression.evaluate(WithExpression.java:75) [org.eclipse.core.expressions_3.5.0.v20150421-2214.jar:na]
	at org.eclipse.core.internal.expressions.CompositeExpression.evaluateAnd(CompositeExpression.java:53) [org.eclipse.core.expressions_3.5.0.v20150421-2214.jar:na]
	at org.eclipse.core.internal.expressions.EnablementExpression.evaluate(EnablementExpression.java:55) [org.eclipse.core.expressions_3.5.0.v20150421-2214.jar:na]
	at org.eclipse.debug.internal.ui.launchConfigurations.LaunchShortcutExtension.evalEnablementExpression(LaunchShortcutExtension.java:281) [org.eclipse.debug.ui_3.11.101.v20160203-1230.jar:na]
	at org.eclipse.debug.ui.actions.ContextualLaunchAction.isApplicable(ContextualLaunchAction.java:287) [org.eclipse.debug.ui_3.11.101.v20160203-1230.jar:na]
	at org.eclipse.debug.ui.actions.ContextualLaunchAction.fillMenu(ContextualLaunchAction.java:218) [org.eclipse.debug.ui_3.11.101.v20160203-1230.jar:na]
	at org.eclipse.debug.ui.actions.ContextualLaunchAction$1.menuShown(ContextualLaunchAction.java:141) [org.eclipse.debug.ui_3.11.101.v20160203-1230.jar:na]
	at org.eclipse.swt.widgets.TypedListener.handleEvent(TypedListener.java:255) [org.eclipse.swt.win32.win32.x86_64_3.104.2.v20160212-1350.jar:na]
	at org.eclipse.swt.widgets.EventTable.sendEvent(EventTable.java:84) [org.eclipse.swt.win32.win32.x86_64_3.104.2.v20160212-1350.jar:na]
	at org.eclipse.swt.widgets.Display.sendEvent(Display.java:4362) [org.eclipse.swt.win32.win32.x86_64_3.104.2.v20160212-1350.jar:na]
	at org.eclipse.swt.widgets.Widget.sendEvent(Widget.java:1113) [org.eclipse.swt.win32.win32.x86_64_3.104.2.v20160212-1350.jar:na]
	at org.eclipse.swt.widgets.Widget.sendEvent(Widget.java:1137) [org.eclipse.swt.win32.win32.x86_64_3.104.2.v20160212-1350.jar:na]
	at org.eclipse.swt.widgets.Widget.sendEvent(Widget.java:1122) [org.eclipse.swt.win32.win32.x86_64_3.104.2.v20160212-1350.jar:na]
	at org.eclipse.swt.widgets.Widget.notifyListeners(Widget.java:788) [org.eclipse.swt.win32.win32.x86_64_3.104.2.v20160212-1350.jar:na]
	at org.eclipse.jface.action.ActionContributionItem.copyMenu(ActionContributionItem.java:1276) [org.eclipse.jface_3.11.1.v20160128-1644.jar:na]
	at org.eclipse.jface.action.ActionContributionItem.handleShowProxy(ActionContributionItem.java:1256) [org.eclipse.jface_3.11.1.v20160128-1644.jar:na]
	at org.eclipse.jface.action.ActionContributionItem.access$4(ActionContributionItem.java:1245) [org.eclipse.jface_3.11.1.v20160128-1644.jar:na]
	at org.eclipse.jface.action.ActionContributionItem$8.handleEvent(ActionContributionItem.java:1218) [org.eclipse.jface_3.11.1.v20160128-1644.jar:na]
	at org.eclipse.swt.widgets.EventTable.sendEvent(EventTable.java:84) [org.eclipse.swt.win32.win32.x86_64_3.104.2.v20160212-1350.jar:na]
	at org.eclipse.swt.widgets.Display.sendEvent(Display.java:4362) [org.eclipse.swt.win32.win32.x86_64_3.104.2.v20160212-1350.jar:na]
	at org.eclipse.swt.widgets.Widget.sendEvent(Widget.java:1113) [org.eclipse.swt.win32.win32.x86_64_3.104.2.v20160212-1350.jar:na]
	at org.eclipse.swt.widgets.Widget.sendEvent(Widget.java:1137) [org.eclipse.swt.win32.win32.x86_64_3.104.2.v20160212-1350.jar:na]
	at org.eclipse.swt.widgets.Widget.sendEvent(Widget.java:1118) [org.eclipse.swt.win32.win32.x86_64_3.104.2.v20160212-1350.jar:na]
	at org.eclipse.swt.widgets.Control.WM_INITMENUPOPUP(Control.java:5037) [org.eclipse.swt.win32.win32.x86_64_3.104.2.v20160212-1350.jar:na]
	at org.eclipse.swt.widgets.Control.windowProc(Control.java:4705) [org.eclipse.swt.win32.win32.x86_64_3.104.2.v20160212-1350.jar:na]
	at org.eclipse.swt.widgets.Canvas.windowProc(Canvas.java:339) [org.eclipse.swt.win32.win32.x86_64_3.104.2.v20160212-1350.jar:na]
	at org.eclipse.swt.widgets.Decorations.windowProc(Decorations.java:1633) [org.eclipse.swt.win32.win32.x86_64_3.104.2.v20160212-1350.jar:na]
	at org.eclipse.swt.widgets.Shell.windowProc(Shell.java:2117) [org.eclipse.swt.win32.win32.x86_64_3.104.2.v20160212-1350.jar:na]
	at org.eclipse.swt.widgets.Display.windowProc(Display.java:5050) [org.eclipse.swt.win32.win32.x86_64_3.104.2.v20160212-1350.jar:na]
	at org.eclipse.swt.internal.win32.OS.TrackPopupMenu(Native Method) [org.eclipse.swt.win32.win32.x86_64_3.104.2.v20160212-1350.jar:na]
	at org.eclipse.swt.widgets.Menu._setVisible(Menu.java:262) [org.eclipse.swt.win32.win32.x86_64_3.104.2.v20160212-1350.jar:na]
	at org.eclipse.swt.widgets.Display.runPopups(Display.java:4221) [org.eclipse.swt.win32.win32.x86_64_3.104.2.v20160212-1350.jar:na]
	at org.eclipse.swt.widgets.Display.readAndDispatch(Display.java:3763) [org.eclipse.swt.win32.win32.x86_64_3.104.2.v20160212-1350.jar:na]
	at org.eclipse.e4.ui.internal.workbench.swt.PartRenderingEngine$4.run(PartRenderingEngine.java:1127) [org.eclipse.e4.ui.workbench.swt_0.13.0.v20150504-0621.jar:na]
	at org.eclipse.core.databinding.observable.Realm.runWithDefault(Realm.java:337) [org.eclipse.core.databinding.observable_1.5.0.v20150422-0725.jar:na]
	at org.eclipse.e4.ui.internal.workbench.swt.PartRenderingEngine.run(PartRenderingEngine.java:1018) [org.eclipse.e4.ui.workbench.swt_0.13.0.v20150504-0621.jar:na]
	at org.eclipse.e4.ui.internal.workbench.E4Workbench.createAndRunUI(E4Workbench.java:156) [org.eclipse.e4.ui.workbench_1.3.1.v20160203-0951.jar:na]
	at org.eclipse.ui.internal.Workbench$5.run(Workbench.java:694) [org.eclipse.ui.workbench_3.107.1.v20160120-2131.jar:na]
	at org.eclipse.core.databinding.observable.Realm.runWithDefault(Realm.java:337) [org.eclipse.core.databinding.observable_1.5.0.v20150422-0725.jar:na]
	at org.eclipse.ui.internal.Workbench.createAndRunWorkbench(Workbench.java:606) [org.eclipse.ui.workbench_3.107.1.v20160120-2131.jar:na]
	at org.eclipse.ui.PlatformUI.createAndRunWorkbench(PlatformUI.java:150) [org.eclipse.ui.workbench_3.107.1.v20160120-2131.jar:na]
	at org.eclipse.ui.internal.ide.application.IDEApplication.start(IDEApplication.java:139) [org.eclipse.ui.ide.application_1.1.0.v20150422-0725.jar:na]
	at org.eclipse.equinox.internal.app.EclipseAppHandle.run(EclipseAppHandle.java:196) [org.eclipse.equinox.app_1.3.300.v20150423-1356.jar:na]
	at org.eclipse.core.runtime.internal.adaptor.EclipseAppLauncher.runApplication(EclipseAppLauncher.java:134) [org.eclipse.osgi_3.10.102.v20160118-1700.jar:na]
	at org.eclipse.core.runtime.internal.adaptor.EclipseAppLauncher.start(EclipseAppLauncher.java:104) [org.eclipse.osgi_3.10.102.v20160118-1700.jar:na]
	at org.eclipse.core.runtime.adaptor.EclipseStarter.run(EclipseStarter.java:380) [org.eclipse.osgi_3.10.102.v20160118-1700.jar:na]
	at org.eclipse.core.runtime.adaptor.EclipseStarter.run(EclipseStarter.java:235) [org.eclipse.osgi_3.10.102.v20160118-1700.jar:na]
	at sun.reflect.NativeMethodAccessorImpl.invoke0(Native Method) ~[na:1.7.0_75]
	at sun.reflect.NativeMethodAccessorImpl.invoke(NativeMethodAccessorImpl.java:57) ~[na:1.7.0_75]
	at sun.reflect.DelegatingMethodAccessorImpl.invoke(DelegatingMethodAccessorImpl.java:43) ~[na:1.7.0_75]
	at java.lang.reflect.Method.invoke(Method.java:606) ~[na:1.7.0_75]
	at org.eclipse.equinox.launcher.Main.invokeFramework(Main.java:669) [org.eclipse.equinox.launcher_1.3.100.v20150511-1540.jar:na]
	at org.eclipse.equinox.launcher.Main.basicRun(Main.java:608) [org.eclipse.equinox.launcher_1.3.100.v20150511-1540.jar:na]
	at org.eclipse.equinox.launcher.Main.run(Main.java:1515) [org.eclipse.equinox.launcher_1.3.100.v20150511-1540.jar:na]
2016-05-22 10:48:33,127 [main] INFO  c.g.t.t.d.PublishedGradleVersions - Gradle version information cache file is out-of-date. Remote download required.
2016-05-22 10:48:55,320 [main] ERROR c.g.t.t.d.PublishedGradleVersions - Cannot download published Gradle versions.
java.net.ConnectException: Connection timed out: connect
	at java.net.DualStackPlainSocketImpl.connect0(Native Method) ~[na:1.7.0_75]
	at java.net.DualStackPlainSocketImpl.socketConnect(DualStackPlainSocketImpl.java:79) ~[na:1.7.0_75]
	at java.net.AbstractPlainSocketImpl.doConnect(AbstractPlainSocketImpl.java:339) ~[na:1.7.0_75]
	at java.net.AbstractPlainSocketImpl.connectToAddress(AbstractPlainSocketImpl.java:200) ~[na:1.7.0_75]
	at java.net.AbstractPlainSocketImpl.connect(AbstractPlainSocketImpl.java:182) ~[na:1.7.0_75]
	at java.net.PlainSocketImpl.connect(PlainSocketImpl.java:172) ~[na:1.7.0_75]
	at java.net.SocksSocketImpl.connect(SocksSocketImpl.java:392) ~[na:1.7.0_75]
	at java.net.Socket.connect(Socket.java:579) ~[na:1.7.0_75]
	at sun.security.ssl.SSLSocketImpl.connect(SSLSocketImpl.java:625) ~[na:1.7.0_75]
	at sun.security.ssl.BaseSSLSocketImpl.connect(BaseSSLSocketImpl.java:160) ~[na:1.7.0_75]
	at sun.net.NetworkClient.doConnect(NetworkClient.java:180) ~[na:1.7.0_75]
	at sun.net.www.http.HttpClient.openServer(HttpClient.java:432) ~[na:1.7.0_75]
	at sun.net.www.http.HttpClient.openServer(HttpClient.java:527) ~[na:1.7.0_75]
	at sun.net.www.protocol.https.HttpsClient.<init>(HttpsClient.java:275) ~[na:1.7.0_75]
	at sun.net.www.protocol.https.HttpsClient.New(HttpsClient.java:371) ~[na:1.7.0_75]
	at sun.net.www.protocol.https.AbstractDelegateHttpsURLConnection.getNewHttpClient(AbstractDelegateHttpsURLConnection.java:191) ~[na:1.7.0_75]
	at sun.net.www.protocol.http.HttpURLConnection.plainConnect(HttpURLConnection.java:933) ~[na:1.7.0_75]
	at sun.net.www.protocol.https.AbstractDelegateHttpsURLConnection.connect(AbstractDelegateHttpsURLConnection.java:177) ~[na:1.7.0_75]
	at sun.net.www.protocol.http.HttpURLConnection.getInputStream(HttpURLConnection.java:1301) ~[na:1.7.0_75]
	at sun.net.www.protocol.https.HttpsURLConnectionImpl.getInputStream(HttpsURLConnectionImpl.java:254) ~[na:1.7.0_75]
	at com.gradleware.tooling.toolingutils.distribution.PublishedGradleVersions.downloadVersionInformation(PublishedGradleVersions.java:167) [com.gradleware.tooling.utils_0.8.1.v201512100932.jar:na]
	at com.gradleware.tooling.toolingutils.distribution.PublishedGradleVersions.create(PublishedGradleVersions.java:134) [com.gradleware.tooling.utils_0.8.1.v201512100932.jar:na]
	at org.eclipse.buildship.core.util.gradle.PublishedGradleVersionsWrapper.create(PublishedGradleVersionsWrapper.java:40) [org.eclipse.buildship.core_1.0.8.v20160201-1803.jar:na]
	at org.eclipse.buildship.core.util.gradle.PublishedGradleVersionsWrapper.<init>(PublishedGradleVersionsWrapper.java:35) [org.eclipse.buildship.core_1.0.8.v20160201-1803.jar:na]
	at org.eclipse.buildship.core.CorePlugin.createPublishedGradleVersions(CorePlugin.java:167) [org.eclipse.buildship.core_1.0.8.v20160201-1803.jar:na]
	at org.eclipse.buildship.core.CorePlugin.registerServices(CorePlugin.java:140) [org.eclipse.buildship.core_1.0.8.v20160201-1803.jar:na]
	at org.eclipse.buildship.core.CorePlugin.start(CorePlugin.java:103) [org.eclipse.buildship.core_1.0.8.v20160201-1803.jar:na]
	at org.eclipse.osgi.internal.framework.BundleContextImpl$3.run(BundleContextImpl.java:771) [org.eclipse.osgi_3.10.102.v20160118-1700.jar:na]
	at org.eclipse.osgi.internal.framework.BundleContextImpl$3.run(BundleContextImpl.java:1) [org.eclipse.osgi_3.10.102.v20160118-1700.jar:na]
	at java.security.AccessController.doPrivileged(Native Method) [na:1.7.0_75]
	at org.eclipse.osgi.internal.framework.BundleContextImpl.startActivator(BundleContextImpl.java:764) [org.eclipse.osgi_3.10.102.v20160118-1700.jar:na]
	at org.eclipse.osgi.internal.framework.BundleContextImpl.start(BundleContextImpl.java:721) [org.eclipse.osgi_3.10.102.v20160118-1700.jar:na]
	at org.eclipse.osgi.internal.framework.EquinoxBundle.startWorker0(EquinoxBundle.java:941) [org.eclipse.osgi_3.10.102.v20160118-1700.jar:na]
	at org.eclipse.osgi.internal.framework.EquinoxBundle$EquinoxModule.startWorker(EquinoxBundle.java:318) [org.eclipse.osgi_3.10.102.v20160118-1700.jar:na]
	at org.eclipse.osgi.container.Module.doStart(Module.java:571) [org.eclipse.osgi_3.10.102.v20160118-1700.jar:na]
	at org.eclipse.osgi.container.Module.start(Module.java:439) [org.eclipse.osgi_3.10.102.v20160118-1700.jar:na]
	at org.eclipse.osgi.framework.util.SecureAction.start(SecureAction.java:454) [org.eclipse.osgi_3.10.102.v20160118-1700.jar:na]
	at org.eclipse.osgi.internal.hooks.EclipseLazyStarter.postFindLocalClass(EclipseLazyStarter.java:107) [org.eclipse.osgi_3.10.102.v20160118-1700.jar:na]
	at org.eclipse.osgi.internal.loader.classpath.ClasspathManager.findLocalClass(ClasspathManager.java:531) [org.eclipse.osgi_3.10.102.v20160118-1700.jar:na]
	at org.eclipse.osgi.internal.loader.ModuleClassLoader.findLocalClass(ModuleClassLoader.java:324) [org.eclipse.osgi_3.10.102.v20160118-1700.jar:na]
	at org.eclipse.osgi.internal.loader.BundleLoader.findLocalClass(BundleLoader.java:327) [org.eclipse.osgi_3.10.102.v20160118-1700.jar:na]
	at org.eclipse.osgi.internal.loader.sources.SingleSourcePackage.loadClass(SingleSourcePackage.java:36) [org.eclipse.osgi_3.10.102.v20160118-1700.jar:na]
	at org.eclipse.osgi.internal.loader.BundleLoader.findClassInternal(BundleLoader.java:398) [org.eclipse.osgi_3.10.102.v20160118-1700.jar:na]
	at org.eclipse.osgi.internal.loader.BundleLoader.findClass(BundleLoader.java:352) [org.eclipse.osgi_3.10.102.v20160118-1700.jar:na]
	at org.eclipse.osgi.internal.loader.BundleLoader.findClass(BundleLoader.java:344) [org.eclipse.osgi_3.10.102.v20160118-1700.jar:na]
	at org.eclipse.osgi.internal.loader.ModuleClassLoader.loadClass(ModuleClassLoader.java:160) [org.eclipse.osgi_3.10.102.v20160118-1700.jar:na]
	at java.lang.ClassLoader.loadClass(ClassLoader.java:358) [na:1.7.0_75]
	at java.lang.Class.getDeclaredConstructors0(Native Method) [na:1.7.0_75]
	at java.lang.Class.privateGetDeclaredConstructors(Class.java:2585) [na:1.7.0_75]
	at java.lang.Class.getConstructor0(Class.java:2885) [na:1.7.0_75]
	at java.lang.Class.newInstance(Class.java:350) [na:1.7.0_75]
	at org.eclipse.osgi.internal.framework.BundleContextImpl.loadBundleActivator(BundleContextImpl.java:755) [org.eclipse.osgi_3.10.102.v20160118-1700.jar:na]
	at org.eclipse.osgi.internal.framework.BundleContextImpl.start(BundleContextImpl.java:706) [org.eclipse.osgi_3.10.102.v20160118-1700.jar:na]
	at org.eclipse.osgi.internal.framework.EquinoxBundle.startWorker0(EquinoxBundle.java:941) [org.eclipse.osgi_3.10.102.v20160118-1700.jar:na]
	at org.eclipse.osgi.internal.framework.EquinoxBundle$EquinoxModule.startWorker(EquinoxBundle.java:318) [org.eclipse.osgi_3.10.102.v20160118-1700.jar:na]
	at org.eclipse.osgi.container.Module.doStart(Module.java:571) [org.eclipse.osgi_3.10.102.v20160118-1700.jar:na]
	at org.eclipse.osgi.container.Module.start(Module.java:439) [org.eclipse.osgi_3.10.102.v20160118-1700.jar:na]
	at org.eclipse.osgi.framework.util.SecureAction.start(SecureAction.java:454) [org.eclipse.osgi_3.10.102.v20160118-1700.jar:na]
	at org.eclipse.osgi.internal.hooks.EclipseLazyStarter.postFindLocalClass(EclipseLazyStarter.java:107) [org.eclipse.osgi_3.10.102.v20160118-1700.jar:na]
	at org.eclipse.osgi.internal.loader.classpath.ClasspathManager.findLocalClass(ClasspathManager.java:531) [org.eclipse.osgi_3.10.102.v20160118-1700.jar:na]
	at org.eclipse.osgi.internal.loader.ModuleClassLoader.findLocalClass(ModuleClassLoader.java:324) [org.eclipse.osgi_3.10.102.v20160118-1700.jar:na]
	at org.eclipse.osgi.internal.loader.BundleLoader.findLocalClass(BundleLoader.java:327) [org.eclipse.osgi_3.10.102.v20160118-1700.jar:na]
	at org.eclipse.osgi.internal.loader.BundleLoader.findClassInternal(BundleLoader.java:402) [org.eclipse.osgi_3.10.102.v20160118-1700.jar:na]
	at org.eclipse.osgi.internal.loader.BundleLoader.findClass(BundleLoader.java:352) [org.eclipse.osgi_3.10.102.v20160118-1700.jar:na]
	at org.eclipse.osgi.internal.loader.BundleLoader.findClass(BundleLoader.java:344) [org.eclipse.osgi_3.10.102.v20160118-1700.jar:na]
	at org.eclipse.osgi.internal.loader.ModuleClassLoader.loadClass(ModuleClassLoader.java:160) [org.eclipse.osgi_3.10.102.v20160118-1700.jar:na]
	at java.lang.ClassLoader.loadClass(ClassLoader.java:358) [na:1.7.0_75]
	at org.eclipse.osgi.internal.framework.EquinoxBundle.loadClass(EquinoxBundle.java:573) [org.eclipse.osgi_3.10.102.v20160118-1700.jar:na]
	at org.eclipse.core.internal.registry.osgi.RegistryStrategyOSGI.createExecutableExtension(RegistryStrategyOSGI.java:174) [org.eclipse.equinox.registry_3.6.0.v20150318-1503.jar:na]
	at org.eclipse.core.internal.registry.ExtensionRegistry.createExecutableExtension(ExtensionRegistry.java:905) [org.eclipse.equinox.registry_3.6.0.v20150318-1503.jar:na]
	at org.eclipse.core.internal.registry.ConfigurationElement.createExecutableExtension(ConfigurationElement.java:243) [org.eclipse.equinox.registry_3.6.0.v20150318-1503.jar:na]
	at org.eclipse.core.internal.registry.ConfigurationElementHandle.createExecutableExtension(ConfigurationElementHandle.java:55) [org.eclipse.equinox.registry_3.6.0.v20150318-1503.jar:na]
	at org.eclipse.core.internal.expressions.PropertyTesterDescriptor.instantiate(PropertyTesterDescriptor.java:96) [org.eclipse.core.expressions_3.5.0.v20150421-2214.jar:na]
	at org.eclipse.core.internal.expressions.TypeExtension.findTypeExtender(TypeExtension.java:97) [org.eclipse.core.expressions_3.5.0.v20150421-2214.jar:na]
	at org.eclipse.core.internal.expressions.TypeExtension.findTypeExtender(TypeExtension.java:130) [org.eclipse.core.expressions_3.5.0.v20150421-2214.jar:na]
	at org.eclipse.core.internal.expressions.TypeExtension.findTypeExtender(TypeExtension.java:130) [org.eclipse.core.expressions_3.5.0.v20150421-2214.jar:na]
	at org.eclipse.core.internal.expressions.TypeExtension.findTypeExtender(TypeExtension.java:130) [org.eclipse.core.expressions_3.5.0.v20150421-2214.jar:na]
	at org.eclipse.core.internal.expressions.TypeExtensionManager.getProperty(TypeExtensionManager.java:119) [org.eclipse.core.expressions_3.5.0.v20150421-2214.jar:na]
	at org.eclipse.core.internal.expressions.TestExpression.evaluate(TestExpression.java:97) [org.eclipse.core.expressions_3.5.0.v20150421-2214.jar:na]
	at org.eclipse.core.internal.expressions.CompositeExpression.evaluateAnd(CompositeExpression.java:53) [org.eclipse.core.expressions_3.5.0.v20150421-2214.jar:na]
	at org.eclipse.core.internal.expressions.WithExpression.evaluate(WithExpression.java:75) [org.eclipse.core.expressions_3.5.0.v20150421-2214.jar:na]
	at org.eclipse.core.internal.expressions.CompositeExpression.evaluateAnd(CompositeExpression.java:53) [org.eclipse.core.expressions_3.5.0.v20150421-2214.jar:na]
	at org.eclipse.core.internal.expressions.EnablementExpression.evaluate(EnablementExpression.java:55) [org.eclipse.core.expressions_3.5.0.v20150421-2214.jar:na]
	at org.eclipse.debug.internal.ui.launchConfigurations.LaunchShortcutExtension.evalEnablementExpression(LaunchShortcutExtension.java:281) [org.eclipse.debug.ui_3.11.101.v20160203-1230.jar:na]
	at org.eclipse.debug.ui.actions.ContextualLaunchAction.isApplicable(ContextualLaunchAction.java:287) [org.eclipse.debug.ui_3.11.101.v20160203-1230.jar:na]
	at org.eclipse.debug.ui.actions.ContextualLaunchAction.fillMenu(ContextualLaunchAction.java:218) [org.eclipse.debug.ui_3.11.101.v20160203-1230.jar:na]
	at org.eclipse.debug.ui.actions.ContextualLaunchAction$1.menuShown(ContextualLaunchAction.java:141) [org.eclipse.debug.ui_3.11.101.v20160203-1230.jar:na]
	at org.eclipse.swt.widgets.TypedListener.handleEvent(TypedListener.java:255) [org.eclipse.swt.win32.win32.x86_64_3.104.2.v20160212-1350.jar:na]
	at org.eclipse.swt.widgets.EventTable.sendEvent(EventTable.java:84) [org.eclipse.swt.win32.win32.x86_64_3.104.2.v20160212-1350.jar:na]
	at org.eclipse.swt.widgets.Display.sendEvent(Display.java:4362) [org.eclipse.swt.win32.win32.x86_64_3.104.2.v20160212-1350.jar:na]
	at org.eclipse.swt.widgets.Widget.sendEvent(Widget.java:1113) [org.eclipse.swt.win32.win32.x86_64_3.104.2.v20160212-1350.jar:na]
	at org.eclipse.swt.widgets.Widget.sendEvent(Widget.java:1137) [org.eclipse.swt.win32.win32.x86_64_3.104.2.v20160212-1350.jar:na]
	at org.eclipse.swt.widgets.Widget.sendEvent(Widget.java:1122) [org.eclipse.swt.win32.win32.x86_64_3.104.2.v20160212-1350.jar:na]
	at org.eclipse.swt.widgets.Widget.notifyListeners(Widget.java:788) [org.eclipse.swt.win32.win32.x86_64_3.104.2.v20160212-1350.jar:na]
	at org.eclipse.jface.action.ActionContributionItem.copyMenu(ActionContributionItem.java:1276) [org.eclipse.jface_3.11.1.v20160128-1644.jar:na]
	at org.eclipse.jface.action.ActionContributionItem.handleShowProxy(ActionContributionItem.java:1256) [org.eclipse.jface_3.11.1.v20160128-1644.jar:na]
	at org.eclipse.jface.action.ActionContributionItem.access$4(ActionContributionItem.java:1245) [org.eclipse.jface_3.11.1.v20160128-1644.jar:na]
	at org.eclipse.jface.action.ActionContributionItem$8.handleEvent(ActionContributionItem.java:1218) [org.eclipse.jface_3.11.1.v20160128-1644.jar:na]
	at org.eclipse.swt.widgets.EventTable.sendEvent(EventTable.java:84) [org.eclipse.swt.win32.win32.x86_64_3.104.2.v20160212-1350.jar:na]
	at org.eclipse.swt.widgets.Display.sendEvent(Display.java:4362) [org.eclipse.swt.win32.win32.x86_64_3.104.2.v20160212-1350.jar:na]
	at org.eclipse.swt.widgets.Widget.sendEvent(Widget.java:1113) [org.eclipse.swt.win32.win32.x86_64_3.104.2.v20160212-1350.jar:na]
	at org.eclipse.swt.widgets.Widget.sendEvent(Widget.java:1137) [org.eclipse.swt.win32.win32.x86_64_3.104.2.v20160212-1350.jar:na]
	at org.eclipse.swt.widgets.Widget.sendEvent(Widget.java:1118) [org.eclipse.swt.win32.win32.x86_64_3.104.2.v20160212-1350.jar:na]
	at org.eclipse.swt.widgets.Control.WM_INITMENUPOPUP(Control.java:5037) [org.eclipse.swt.win32.win32.x86_64_3.104.2.v20160212-1350.jar:na]
	at org.eclipse.swt.widgets.Control.windowProc(Control.java:4705) [org.eclipse.swt.win32.win32.x86_64_3.104.2.v20160212-1350.jar:na]
	at org.eclipse.swt.widgets.Canvas.windowProc(Canvas.java:339) [org.eclipse.swt.win32.win32.x86_64_3.104.2.v20160212-1350.jar:na]
	at org.eclipse.swt.widgets.Decorations.windowProc(Decorations.java:1633) [org.eclipse.swt.win32.win32.x86_64_3.104.2.v20160212-1350.jar:na]
	at org.eclipse.swt.widgets.Shell.windowProc(Shell.java:2117) [org.eclipse.swt.win32.win32.x86_64_3.104.2.v20160212-1350.jar:na]
	at org.eclipse.swt.widgets.Display.windowProc(Display.java:5050) [org.eclipse.swt.win32.win32.x86_64_3.104.2.v20160212-1350.jar:na]
	at org.eclipse.swt.internal.win32.OS.TrackPopupMenu(Native Method) [org.eclipse.swt.win32.win32.x86_64_3.104.2.v20160212-1350.jar:na]
	at org.eclipse.swt.widgets.Menu._setVisible(Menu.java:262) [org.eclipse.swt.win32.win32.x86_64_3.104.2.v20160212-1350.jar:na]
	at org.eclipse.swt.widgets.Display.runPopups(Display.java:4221) [org.eclipse.swt.win32.win32.x86_64_3.104.2.v20160212-1350.jar:na]
	at org.eclipse.swt.widgets.Display.readAndDispatch(Display.java:3763) [org.eclipse.swt.win32.win32.x86_64_3.104.2.v20160212-1350.jar:na]
	at org.eclipse.e4.ui.internal.workbench.swt.PartRenderingEngine$4.run(PartRenderingEngine.java:1127) [org.eclipse.e4.ui.workbench.swt_0.13.0.v20150504-0621.jar:na]
	at org.eclipse.core.databinding.observable.Realm.runWithDefault(Realm.java:337) [org.eclipse.core.databinding.observable_1.5.0.v20150422-0725.jar:na]
	at org.eclipse.e4.ui.internal.workbench.swt.PartRenderingEngine.run(PartRenderingEngine.java:1018) [org.eclipse.e4.ui.workbench.swt_0.13.0.v20150504-0621.jar:na]
	at org.eclipse.e4.ui.internal.workbench.E4Workbench.createAndRunUI(E4Workbench.java:156) [org.eclipse.e4.ui.workbench_1.3.1.v20160203-0951.jar:na]
	at org.eclipse.ui.internal.Workbench$5.run(Workbench.java:694) [org.eclipse.ui.workbench_3.107.1.v20160120-2131.jar:na]
	at org.eclipse.core.databinding.observable.Realm.runWithDefault(Realm.java:337) [org.eclipse.core.databinding.observable_1.5.0.v20150422-0725.jar:na]
	at org.eclipse.ui.internal.Workbench.createAndRunWorkbench(Workbench.java:606) [org.eclipse.ui.workbench_3.107.1.v20160120-2131.jar:na]
	at org.eclipse.ui.PlatformUI.createAndRunWorkbench(PlatformUI.java:150) [org.eclipse.ui.workbench_3.107.1.v20160120-2131.jar:na]
	at org.eclipse.ui.internal.ide.application.IDEApplication.start(IDEApplication.java:139) [org.eclipse.ui.ide.application_1.1.0.v20150422-0725.jar:na]
	at org.eclipse.equinox.internal.app.EclipseAppHandle.run(EclipseAppHandle.java:196) [org.eclipse.equinox.app_1.3.300.v20150423-1356.jar:na]
	at org.eclipse.core.runtime.internal.adaptor.EclipseAppLauncher.runApplication(EclipseAppLauncher.java:134) [org.eclipse.osgi_3.10.102.v20160118-1700.jar:na]
	at org.eclipse.core.runtime.internal.adaptor.EclipseAppLauncher.start(EclipseAppLauncher.java:104) [org.eclipse.osgi_3.10.102.v20160118-1700.jar:na]
	at org.eclipse.core.runtime.adaptor.EclipseStarter.run(EclipseStarter.java:380) [org.eclipse.osgi_3.10.102.v20160118-1700.jar:na]
	at org.eclipse.core.runtime.adaptor.EclipseStarter.run(EclipseStarter.java:235) [org.eclipse.osgi_3.10.102.v20160118-1700.jar:na]
	at sun.reflect.NativeMethodAccessorImpl.invoke0(Native Method) ~[na:1.7.0_75]
	at sun.reflect.NativeMethodAccessorImpl.invoke(NativeMethodAccessorImpl.java:57) ~[na:1.7.0_75]
	at sun.reflect.DelegatingMethodAccessorImpl.invoke(DelegatingMethodAccessorImpl.java:43) ~[na:1.7.0_75]
	at java.lang.reflect.Method.invoke(Method.java:606) ~[na:1.7.0_75]
	at org.eclipse.equinox.launcher.Main.invokeFramework(Main.java:669) [org.eclipse.equinox.launcher_1.3.100.v20150511-1540.jar:na]
	at org.eclipse.equinox.launcher.Main.basicRun(Main.java:608) [org.eclipse.equinox.launcher_1.3.100.v20150511-1540.jar:na]
	at org.eclipse.equinox.launcher.Main.run(Main.java:1515) [org.eclipse.equinox.launcher_1.3.100.v20150511-1540.jar:na]
2016-05-23 16:24:31,516 [main] INFO  c.g.t.t.d.PublishedGradleVersions - Gradle version information cache file is out-of-date. Remote download required.
2016-05-24 15:42:25,300 [main] INFO  c.g.t.t.d.PublishedGradleVersions - Gradle version information cache file is not out-of-date. No remote download required.
2016-05-25 19:45:42,171 [main] INFO  c.g.t.t.d.PublishedGradleVersions - Gradle version information cache file is out-of-date. Remote download required.
2016-05-28 19:46:39,097 [Worker-7] INFO  c.g.t.t.d.PublishedGradleVersions - Gradle version information cache file is out-of-date. Remote download required.
2016-06-09 15:00:08,694 [main] INFO  c.g.t.t.d.PublishedGradleVersions - Gradle version information cache file is out-of-date. Remote download required.
2016-06-12 09:36:44,074 [main] INFO  c.g.t.t.d.PublishedGradleVersions - Gradle version information cache file is out-of-date. Remote download required.
2016-06-12 19:36:41,604 [main] INFO  c.g.t.t.d.PublishedGradleVersions - Gradle version information cache file is not out-of-date. No remote download required.
2016-06-14 11:04:32,233 [main] INFO  c.g.t.t.d.PublishedGradleVersions - Gradle version information cache file is out-of-date. Remote download required.
2016-06-16 15:24:55,529 [main] INFO  c.g.t.t.d.PublishedGradleVersions - Gradle version information cache file is out-of-date. Remote download required.
2016-06-17 15:34:16,457 [main] INFO  c.g.t.t.d.PublishedGradleVersions - Gradle version information cache file is out-of-date. Remote download required.
2016-06-20 18:59:56,610 [main] INFO  c.g.t.t.d.PublishedGradleVersions - Gradle version information cache file is out-of-date. Remote download required.
2016-06-21 16:11:40,818 [main] INFO  c.g.t.t.d.PublishedGradleVersions - Gradle version information cache file is not out-of-date. No remote download required.
2016-06-22 08:55:36,002 [main] INFO  c.g.t.t.d.PublishedGradleVersions - Gradle version information cache file is out-of-date. Remote download required.
2016-06-22 08:55:48,506 [main] ERROR c.g.t.t.d.PublishedGradleVersions - Cannot download published Gradle versions.
java.net.UnknownHostException: services.gradle.org
	at java.net.AbstractPlainSocketImpl.connect(AbstractPlainSocketImpl.java:178) ~[na:1.7.0_75]
	at java.net.PlainSocketImpl.connect(PlainSocketImpl.java:172) ~[na:1.7.0_75]
	at java.net.SocksSocketImpl.connect(SocksSocketImpl.java:392) ~[na:1.7.0_75]
	at java.net.Socket.connect(Socket.java:579) ~[na:1.7.0_75]
	at sun.security.ssl.SSLSocketImpl.connect(SSLSocketImpl.java:625) ~[na:1.7.0_75]
	at sun.security.ssl.BaseSSLSocketImpl.connect(BaseSSLSocketImpl.java:160) ~[na:1.7.0_75]
	at sun.net.NetworkClient.doConnect(NetworkClient.java:180) ~[na:1.7.0_75]
	at sun.net.www.http.HttpClient.openServer(HttpClient.java:432) ~[na:1.7.0_75]
	at sun.net.www.http.HttpClient.openServer(HttpClient.java:527) ~[na:1.7.0_75]
	at sun.net.www.protocol.https.HttpsClient.<init>(HttpsClient.java:275) ~[na:1.7.0_75]
	at sun.net.www.protocol.https.HttpsClient.New(HttpsClient.java:371) ~[na:1.7.0_75]
	at sun.net.www.protocol.https.AbstractDelegateHttpsURLConnection.getNewHttpClient(AbstractDelegateHttpsURLConnection.java:191) ~[na:1.7.0_75]
	at sun.net.www.protocol.http.HttpURLConnection.plainConnect(HttpURLConnection.java:933) ~[na:1.7.0_75]
	at sun.net.www.protocol.https.AbstractDelegateHttpsURLConnection.connect(AbstractDelegateHttpsURLConnection.java:177) ~[na:1.7.0_75]
	at sun.net.www.protocol.http.HttpURLConnection.getInputStream(HttpURLConnection.java:1301) ~[na:1.7.0_75]
	at sun.net.www.protocol.https.HttpsURLConnectionImpl.getInputStream(HttpsURLConnectionImpl.java:254) ~[na:1.7.0_75]
	at com.gradleware.tooling.toolingutils.distribution.PublishedGradleVersions.downloadVersionInformation(PublishedGradleVersions.java:167) [com.gradleware.tooling.utils_0.8.1.v201512100932.jar:na]
	at com.gradleware.tooling.toolingutils.distribution.PublishedGradleVersions.create(PublishedGradleVersions.java:134) [com.gradleware.tooling.utils_0.8.1.v201512100932.jar:na]
	at org.eclipse.buildship.core.util.gradle.PublishedGradleVersionsWrapper.create(PublishedGradleVersionsWrapper.java:40) [org.eclipse.buildship.core_1.0.8.v20160201-1803.jar:na]
	at org.eclipse.buildship.core.util.gradle.PublishedGradleVersionsWrapper.<init>(PublishedGradleVersionsWrapper.java:35) [org.eclipse.buildship.core_1.0.8.v20160201-1803.jar:na]
	at org.eclipse.buildship.core.CorePlugin.createPublishedGradleVersions(CorePlugin.java:167) [org.eclipse.buildship.core_1.0.8.v20160201-1803.jar:na]
	at org.eclipse.buildship.core.CorePlugin.registerServices(CorePlugin.java:140) [org.eclipse.buildship.core_1.0.8.v20160201-1803.jar:na]
	at org.eclipse.buildship.core.CorePlugin.start(CorePlugin.java:103) [org.eclipse.buildship.core_1.0.8.v20160201-1803.jar:na]
	at org.eclipse.osgi.internal.framework.BundleContextImpl$3.run(BundleContextImpl.java:771) [org.eclipse.osgi_3.10.102.v20160118-1700.jar:na]
	at org.eclipse.osgi.internal.framework.BundleContextImpl$3.run(BundleContextImpl.java:1) [org.eclipse.osgi_3.10.102.v20160118-1700.jar:na]
	at java.security.AccessController.doPrivileged(Native Method) [na:1.7.0_75]
	at org.eclipse.osgi.internal.framework.BundleContextImpl.startActivator(BundleContextImpl.java:764) [org.eclipse.osgi_3.10.102.v20160118-1700.jar:na]
	at org.eclipse.osgi.internal.framework.BundleContextImpl.start(BundleContextImpl.java:721) [org.eclipse.osgi_3.10.102.v20160118-1700.jar:na]
	at org.eclipse.osgi.internal.framework.EquinoxBundle.startWorker0(EquinoxBundle.java:941) [org.eclipse.osgi_3.10.102.v20160118-1700.jar:na]
	at org.eclipse.osgi.internal.framework.EquinoxBundle$EquinoxModule.startWorker(EquinoxBundle.java:318) [org.eclipse.osgi_3.10.102.v20160118-1700.jar:na]
	at org.eclipse.osgi.container.Module.doStart(Module.java:571) [org.eclipse.osgi_3.10.102.v20160118-1700.jar:na]
	at org.eclipse.osgi.container.Module.start(Module.java:439) [org.eclipse.osgi_3.10.102.v20160118-1700.jar:na]
	at org.eclipse.osgi.framework.util.SecureAction.start(SecureAction.java:454) [org.eclipse.osgi_3.10.102.v20160118-1700.jar:na]
	at org.eclipse.osgi.internal.hooks.EclipseLazyStarter.postFindLocalClass(EclipseLazyStarter.java:107) [org.eclipse.osgi_3.10.102.v20160118-1700.jar:na]
	at org.eclipse.osgi.internal.loader.classpath.ClasspathManager.findLocalClass(ClasspathManager.java:531) [org.eclipse.osgi_3.10.102.v20160118-1700.jar:na]
	at org.eclipse.osgi.internal.loader.ModuleClassLoader.findLocalClass(ModuleClassLoader.java:324) [org.eclipse.osgi_3.10.102.v20160118-1700.jar:na]
	at org.eclipse.osgi.internal.loader.BundleLoader.findLocalClass(BundleLoader.java:327) [org.eclipse.osgi_3.10.102.v20160118-1700.jar:na]
	at org.eclipse.osgi.internal.loader.sources.SingleSourcePackage.loadClass(SingleSourcePackage.java:36) [org.eclipse.osgi_3.10.102.v20160118-1700.jar:na]
	at org.eclipse.osgi.internal.loader.BundleLoader.findClassInternal(BundleLoader.java:398) [org.eclipse.osgi_3.10.102.v20160118-1700.jar:na]
	at org.eclipse.osgi.internal.loader.BundleLoader.findClass(BundleLoader.java:352) [org.eclipse.osgi_3.10.102.v20160118-1700.jar:na]
	at org.eclipse.osgi.internal.loader.BundleLoader.findClass(BundleLoader.java:344) [org.eclipse.osgi_3.10.102.v20160118-1700.jar:na]
	at org.eclipse.osgi.internal.loader.ModuleClassLoader.loadClass(ModuleClassLoader.java:160) [org.eclipse.osgi_3.10.102.v20160118-1700.jar:na]
	at java.lang.ClassLoader.loadClass(ClassLoader.java:358) [na:1.7.0_75]
	at java.lang.Class.getDeclaredConstructors0(Native Method) [na:1.7.0_75]
	at java.lang.Class.privateGetDeclaredConstructors(Class.java:2585) [na:1.7.0_75]
	at java.lang.Class.getConstructor0(Class.java:2885) [na:1.7.0_75]
	at java.lang.Class.newInstance(Class.java:350) [na:1.7.0_75]
	at org.eclipse.osgi.internal.framework.BundleContextImpl.loadBundleActivator(BundleContextImpl.java:755) [org.eclipse.osgi_3.10.102.v20160118-1700.jar:na]
	at org.eclipse.osgi.internal.framework.BundleContextImpl.start(BundleContextImpl.java:706) [org.eclipse.osgi_3.10.102.v20160118-1700.jar:na]
	at org.eclipse.osgi.internal.framework.EquinoxBundle.startWorker0(EquinoxBundle.java:941) [org.eclipse.osgi_3.10.102.v20160118-1700.jar:na]
	at org.eclipse.osgi.internal.framework.EquinoxBundle$EquinoxModule.startWorker(EquinoxBundle.java:318) [org.eclipse.osgi_3.10.102.v20160118-1700.jar:na]
	at org.eclipse.osgi.container.Module.doStart(Module.java:571) [org.eclipse.osgi_3.10.102.v20160118-1700.jar:na]
	at org.eclipse.osgi.container.Module.start(Module.java:439) [org.eclipse.osgi_3.10.102.v20160118-1700.jar:na]
	at org.eclipse.osgi.framework.util.SecureAction.start(SecureAction.java:454) [org.eclipse.osgi_3.10.102.v20160118-1700.jar:na]
	at org.eclipse.osgi.internal.hooks.EclipseLazyStarter.postFindLocalClass(EclipseLazyStarter.java:107) [org.eclipse.osgi_3.10.102.v20160118-1700.jar:na]
	at org.eclipse.osgi.internal.loader.classpath.ClasspathManager.findLocalClass(ClasspathManager.java:531) [org.eclipse.osgi_3.10.102.v20160118-1700.jar:na]
	at org.eclipse.osgi.internal.loader.ModuleClassLoader.findLocalClass(ModuleClassLoader.java:324) [org.eclipse.osgi_3.10.102.v20160118-1700.jar:na]
	at org.eclipse.osgi.internal.loader.BundleLoader.findLocalClass(BundleLoader.java:327) [org.eclipse.osgi_3.10.102.v20160118-1700.jar:na]
	at org.eclipse.osgi.internal.loader.BundleLoader.findClassInternal(BundleLoader.java:402) [org.eclipse.osgi_3.10.102.v20160118-1700.jar:na]
	at org.eclipse.osgi.internal.loader.BundleLoader.findClass(BundleLoader.java:352) [org.eclipse.osgi_3.10.102.v20160118-1700.jar:na]
	at org.eclipse.osgi.internal.loader.BundleLoader.findClass(BundleLoader.java:344) [org.eclipse.osgi_3.10.102.v20160118-1700.jar:na]
	at org.eclipse.osgi.internal.loader.ModuleClassLoader.loadClass(ModuleClassLoader.java:160) [org.eclipse.osgi_3.10.102.v20160118-1700.jar:na]
	at java.lang.ClassLoader.loadClass(ClassLoader.java:358) [na:1.7.0_75]
	at org.eclipse.osgi.internal.framework.EquinoxBundle.loadClass(EquinoxBundle.java:573) [org.eclipse.osgi_3.10.102.v20160118-1700.jar:na]
	at org.eclipse.core.internal.registry.osgi.RegistryStrategyOSGI.createExecutableExtension(RegistryStrategyOSGI.java:174) [org.eclipse.equinox.registry_3.6.0.v20150318-1503.jar:na]
	at org.eclipse.core.internal.registry.ExtensionRegistry.createExecutableExtension(ExtensionRegistry.java:905) [org.eclipse.equinox.registry_3.6.0.v20150318-1503.jar:na]
	at org.eclipse.core.internal.registry.ConfigurationElement.createExecutableExtension(ConfigurationElement.java:243) [org.eclipse.equinox.registry_3.6.0.v20150318-1503.jar:na]
	at org.eclipse.core.internal.registry.ConfigurationElementHandle.createExecutableExtension(ConfigurationElementHandle.java:55) [org.eclipse.equinox.registry_3.6.0.v20150318-1503.jar:na]
	at org.eclipse.core.internal.expressions.PropertyTesterDescriptor.instantiate(PropertyTesterDescriptor.java:96) [org.eclipse.core.expressions_3.5.0.v20150421-2214.jar:na]
	at org.eclipse.core.internal.expressions.TypeExtension.findTypeExtender(TypeExtension.java:97) [org.eclipse.core.expressions_3.5.0.v20150421-2214.jar:na]
	at org.eclipse.core.internal.expressions.TypeExtension.findTypeExtender(TypeExtension.java:130) [org.eclipse.core.expressions_3.5.0.v20150421-2214.jar:na]
	at org.eclipse.core.internal.expressions.TypeExtension.findTypeExtender(TypeExtension.java:130) [org.eclipse.core.expressions_3.5.0.v20150421-2214.jar:na]
	at org.eclipse.core.internal.expressions.TypeExtension.findTypeExtender(TypeExtension.java:130) [org.eclipse.core.expressions_3.5.0.v20150421-2214.jar:na]
	at org.eclipse.core.internal.expressions.TypeExtensionManager.getProperty(TypeExtensionManager.java:119) [org.eclipse.core.expressions_3.5.0.v20150421-2214.jar:na]
	at org.eclipse.core.internal.expressions.TestExpression.evaluate(TestExpression.java:97) [org.eclipse.core.expressions_3.5.0.v20150421-2214.jar:na]
	at org.eclipse.core.internal.expressions.CompositeExpression.evaluateAnd(CompositeExpression.java:53) [org.eclipse.core.expressions_3.5.0.v20150421-2214.jar:na]
	at org.eclipse.core.internal.expressions.WithExpression.evaluate(WithExpression.java:75) [org.eclipse.core.expressions_3.5.0.v20150421-2214.jar:na]
	at org.eclipse.core.internal.expressions.CompositeExpression.evaluateAnd(CompositeExpression.java:53) [org.eclipse.core.expressions_3.5.0.v20150421-2214.jar:na]
	at org.eclipse.core.internal.expressions.EnablementExpression.evaluate(EnablementExpression.java:55) [org.eclipse.core.expressions_3.5.0.v20150421-2214.jar:na]
	at org.eclipse.debug.internal.ui.launchConfigurations.LaunchShortcutExtension.evalEnablementExpression(LaunchShortcutExtension.java:281) [org.eclipse.debug.ui_3.11.101.v20160203-1230.jar:na]
	at org.eclipse.debug.ui.actions.ContextualLaunchAction.isApplicable(ContextualLaunchAction.java:287) [org.eclipse.debug.ui_3.11.101.v20160203-1230.jar:na]
	at org.eclipse.debug.ui.actions.ContextualLaunchAction.fillMenu(ContextualLaunchAction.java:218) [org.eclipse.debug.ui_3.11.101.v20160203-1230.jar:na]
	at org.eclipse.debug.ui.actions.ContextualLaunchAction$1.menuShown(ContextualLaunchAction.java:141) [org.eclipse.debug.ui_3.11.101.v20160203-1230.jar:na]
	at org.eclipse.swt.widgets.TypedListener.handleEvent(TypedListener.java:255) [org.eclipse.swt.win32.win32.x86_64_3.104.2.v20160212-1350.jar:na]
	at org.eclipse.swt.widgets.EventTable.sendEvent(EventTable.java:84) [org.eclipse.swt.win32.win32.x86_64_3.104.2.v20160212-1350.jar:na]
	at org.eclipse.swt.widgets.Display.sendEvent(Display.java:4362) [org.eclipse.swt.win32.win32.x86_64_3.104.2.v20160212-1350.jar:na]
	at org.eclipse.swt.widgets.Widget.sendEvent(Widget.java:1113) [org.eclipse.swt.win32.win32.x86_64_3.104.2.v20160212-1350.jar:na]
	at org.eclipse.swt.widgets.Widget.sendEvent(Widget.java:1137) [org.eclipse.swt.win32.win32.x86_64_3.104.2.v20160212-1350.jar:na]
	at org.eclipse.swt.widgets.Widget.sendEvent(Widget.java:1122) [org.eclipse.swt.win32.win32.x86_64_3.104.2.v20160212-1350.jar:na]
	at org.eclipse.swt.widgets.Widget.notifyListeners(Widget.java:788) [org.eclipse.swt.win32.win32.x86_64_3.104.2.v20160212-1350.jar:na]
	at org.eclipse.jface.action.ActionContributionItem.copyMenu(ActionContributionItem.java:1276) [org.eclipse.jface_3.11.1.v20160128-1644.jar:na]
	at org.eclipse.jface.action.ActionContributionItem.handleShowProxy(ActionContributionItem.java:1256) [org.eclipse.jface_3.11.1.v20160128-1644.jar:na]
	at org.eclipse.jface.action.ActionContributionItem.access$4(ActionContributionItem.java:1245) [org.eclipse.jface_3.11.1.v20160128-1644.jar:na]
	at org.eclipse.jface.action.ActionContributionItem$8.handleEvent(ActionContributionItem.java:1218) [org.eclipse.jface_3.11.1.v20160128-1644.jar:na]
	at org.eclipse.swt.widgets.EventTable.sendEvent(EventTable.java:84) [org.eclipse.swt.win32.win32.x86_64_3.104.2.v20160212-1350.jar:na]
	at org.eclipse.swt.widgets.Display.sendEvent(Display.java:4362) [org.eclipse.swt.win32.win32.x86_64_3.104.2.v20160212-1350.jar:na]
	at org.eclipse.swt.widgets.Widget.sendEvent(Widget.java:1113) [org.eclipse.swt.win32.win32.x86_64_3.104.2.v20160212-1350.jar:na]
	at org.eclipse.swt.widgets.Widget.sendEvent(Widget.java:1137) [org.eclipse.swt.win32.win32.x86_64_3.104.2.v20160212-1350.jar:na]
	at org.eclipse.swt.widgets.Widget.sendEvent(Widget.java:1118) [org.eclipse.swt.win32.win32.x86_64_3.104.2.v20160212-1350.jar:na]
	at org.eclipse.swt.widgets.Control.WM_INITMENUPOPUP(Control.java:5037) [org.eclipse.swt.win32.win32.x86_64_3.104.2.v20160212-1350.jar:na]
	at org.eclipse.swt.widgets.Control.windowProc(Control.java:4705) [org.eclipse.swt.win32.win32.x86_64_3.104.2.v20160212-1350.jar:na]
	at org.eclipse.swt.widgets.Canvas.windowProc(Canvas.java:339) [org.eclipse.swt.win32.win32.x86_64_3.104.2.v20160212-1350.jar:na]
	at org.eclipse.swt.widgets.Decorations.windowProc(Decorations.java:1633) [org.eclipse.swt.win32.win32.x86_64_3.104.2.v20160212-1350.jar:na]
	at org.eclipse.swt.widgets.Shell.windowProc(Shell.java:2117) [org.eclipse.swt.win32.win32.x86_64_3.104.2.v20160212-1350.jar:na]
	at org.eclipse.swt.widgets.Display.windowProc(Display.java:5050) [org.eclipse.swt.win32.win32.x86_64_3.104.2.v20160212-1350.jar:na]
	at org.eclipse.swt.internal.win32.OS.TrackPopupMenu(Native Method) [org.eclipse.swt.win32.win32.x86_64_3.104.2.v20160212-1350.jar:na]
	at org.eclipse.swt.widgets.Menu._setVisible(Menu.java:262) [org.eclipse.swt.win32.win32.x86_64_3.104.2.v20160212-1350.jar:na]
	at org.eclipse.swt.widgets.Display.runPopups(Display.java:4221) [org.eclipse.swt.win32.win32.x86_64_3.104.2.v20160212-1350.jar:na]
	at org.eclipse.swt.widgets.Display.readAndDispatch(Display.java:3763) [org.eclipse.swt.win32.win32.x86_64_3.104.2.v20160212-1350.jar:na]
	at org.eclipse.e4.ui.internal.workbench.swt.PartRenderingEngine$4.run(PartRenderingEngine.java:1127) [org.eclipse.e4.ui.workbench.swt_0.13.0.v20150504-0621.jar:na]
	at org.eclipse.core.databinding.observable.Realm.runWithDefault(Realm.java:337) [org.eclipse.core.databinding.observable_1.5.0.v20150422-0725.jar:na]
	at org.eclipse.e4.ui.internal.workbench.swt.PartRenderingEngine.run(PartRenderingEngine.java:1018) [org.eclipse.e4.ui.workbench.swt_0.13.0.v20150504-0621.jar:na]
	at org.eclipse.e4.ui.internal.workbench.E4Workbench.createAndRunUI(E4Workbench.java:156) [org.eclipse.e4.ui.workbench_1.3.1.v20160203-0951.jar:na]
	at org.eclipse.ui.internal.Workbench$5.run(Workbench.java:694) [org.eclipse.ui.workbench_3.107.1.v20160120-2131.jar:na]
	at org.eclipse.core.databinding.observable.Realm.runWithDefault(Realm.java:337) [org.eclipse.core.databinding.observable_1.5.0.v20150422-0725.jar:na]
	at org.eclipse.ui.internal.Workbench.createAndRunWorkbench(Workbench.java:606) [org.eclipse.ui.workbench_3.107.1.v20160120-2131.jar:na]
	at org.eclipse.ui.PlatformUI.createAndRunWorkbench(PlatformUI.java:150) [org.eclipse.ui.workbench_3.107.1.v20160120-2131.jar:na]
	at org.eclipse.ui.internal.ide.application.IDEApplication.start(IDEApplication.java:139) [org.eclipse.ui.ide.application_1.1.0.v20150422-0725.jar:na]
	at org.eclipse.equinox.internal.app.EclipseAppHandle.run(EclipseAppHandle.java:196) [org.eclipse.equinox.app_1.3.300.v20150423-1356.jar:na]
	at org.eclipse.core.runtime.internal.adaptor.EclipseAppLauncher.runApplication(EclipseAppLauncher.java:134) [org.eclipse.osgi_3.10.102.v20160118-1700.jar:na]
	at org.eclipse.core.runtime.internal.adaptor.EclipseAppLauncher.start(EclipseAppLauncher.java:104) [org.eclipse.osgi_3.10.102.v20160118-1700.jar:na]
	at org.eclipse.core.runtime.adaptor.EclipseStarter.run(EclipseStarter.java:380) [org.eclipse.osgi_3.10.102.v20160118-1700.jar:na]
	at org.eclipse.core.runtime.adaptor.EclipseStarter.run(EclipseStarter.java:235) [org.eclipse.osgi_3.10.102.v20160118-1700.jar:na]
	at sun.reflect.NativeMethodAccessorImpl.invoke0(Native Method) ~[na:1.7.0_75]
	at sun.reflect.NativeMethodAccessorImpl.invoke(NativeMethodAccessorImpl.java:57) ~[na:1.7.0_75]
	at sun.reflect.DelegatingMethodAccessorImpl.invoke(DelegatingMethodAccessorImpl.java:43) ~[na:1.7.0_75]
	at java.lang.reflect.Method.invoke(Method.java:606) ~[na:1.7.0_75]
	at org.eclipse.equinox.launcher.Main.invokeFramework(Main.java:669) [org.eclipse.equinox.launcher_1.3.100.v20150511-1540.jar:na]
	at org.eclipse.equinox.launcher.Main.basicRun(Main.java:608) [org.eclipse.equinox.launcher_1.3.100.v20150511-1540.jar:na]
	at org.eclipse.equinox.launcher.Main.run(Main.java:1515) [org.eclipse.equinox.launcher_1.3.100.v20150511-1540.jar:na]
2016-06-22 15:24:40,345 [main] INFO  c.g.t.t.d.PublishedGradleVersions - Gradle version information cache file is out-of-date. Remote download required.
2016-06-22 18:16:19,494 [Worker-4] INFO  c.g.t.t.d.PublishedGradleVersions - Gradle version information cache file is not out-of-date. No remote download required.
2016-06-23 10:50:33,693 [main] INFO  c.g.t.t.d.PublishedGradleVersions - Gradle version information cache file is not out-of-date. No remote download required.
2016-06-24 09:57:57,159 [main] INFO  c.g.t.t.d.PublishedGradleVersions - Gradle version information cache file is out-of-date. Remote download required.
2016-06-27 13:37:28,835 [main] INFO  c.g.t.t.d.PublishedGradleVersions - Gradle version information cache file is out-of-date. Remote download required.
2016-06-28 20:25:59,976 [main] INFO  c.g.t.t.d.PublishedGradleVersions - Gradle version information cache file is out-of-date. Remote download required.
2016-06-29 09:44:55,724 [main] INFO  c.g.t.t.d.PublishedGradleVersions - Gradle version information cache file is not out-of-date. No remote download required.
2016-07-01 11:28:24,533 [Worker-8] INFO  c.g.t.t.d.PublishedGradleVersions - Gradle version information cache file is out-of-date. Remote download required.
2016-07-05 13:11:02,917 [Worker-2] INFO  c.g.t.t.d.PublishedGradleVersions - Gradle version information cache file is out-of-date. Remote download required.
2016-07-06 08:56:09,818 [main] INFO  c.g.t.t.d.PublishedGradleVersions - Gradle version information cache file is not out-of-date. No remote download required.
2016-07-07 09:16:05,900 [main] INFO  c.g.t.t.d.PublishedGradleVersions - Gradle version information cache file is out-of-date. Remote download required.
2016-07-07 10:38:52,509 [main] INFO  c.g.t.t.d.PublishedGradleVersions - Gradle version information cache file is not out-of-date. No remote download required.
2016-07-08 12:41:14,409 [main] INFO  c.g.t.t.d.PublishedGradleVersions - Gradle version information cache file is out-of-date. Remote download required.
2016-07-08 16:15:55,385 [main] INFO  c.g.t.t.d.PublishedGradleVersions - Gradle version information cache file is not out-of-date. No remote download required.
